[2025-07-19T17:25:02.108+0000] {local_task_job_runner.py:120} INFO - ::group::Pre task execution logs
[2025-07-19T17:25:02.173+0000] {taskinstance.py:2076} INFO - Dependencies all met for dep_context=non-requeueable deps ti=<TaskInstance: ferry_portfolio_etl.extract_data scheduled__2025-07-19T17:20:00+00:00 [queued]>
[2025-07-19T17:25:02.184+0000] {taskinstance.py:2076} INFO - Dependencies all met for dep_context=requeueable deps ti=<TaskInstance: ferry_portfolio_etl.extract_data scheduled__2025-07-19T17:20:00+00:00 [queued]>
[2025-07-19T17:25:02.185+0000] {taskinstance.py:2306} INFO - Starting attempt 1 of 2
[2025-07-19T17:25:02.203+0000] {taskinstance.py:2330} INFO - Executing <Task(PythonOperator): extract_data> on 2025-07-19 17:20:00+00:00
[2025-07-19T17:25:02.227+0000] {standard_task_runner.py:90} INFO - Running: ['***', 'tasks', 'run', 'ferry_portfolio_etl', 'extract_data', 'scheduled__2025-07-19T17:20:00+00:00', '--job-id', '217', '--raw', '--subdir', 'DAGS_FOLDER/ferry_pipeline_dag.py', '--cfg-path', '/tmp/tmp0w7nhq5f']
[2025-07-19T17:25:02.242+0000] {standard_task_runner.py:91} INFO - Job 217: Subtask extract_data
[2025-07-19T17:25:02.237+0000] {logging_mixin.py:188} WARNING - /home/***/.local/lib/python3.12/site-packages/***/task/task_runner/standard_task_runner.py:61 DeprecationWarning: This process (pid=793) is multi-threaded, use of fork() may lead to deadlocks in the child.
[2025-07-19T17:25:02.243+0000] {standard_task_runner.py:63} INFO - Started process 795 to run task
[2025-07-19T17:25:02.308+0000] {logging_mixin.py:188} WARNING - /home/***/.local/lib/python3.12/site-packages/***/settings.py:195 DeprecationWarning: The sql_alchemy_conn option in [core] has been moved to the sql_alchemy_conn option in [database] - the old setting has been used, but please update your config.
[2025-07-19T17:25:02.447+0000] {task_command.py:426} INFO - Running <TaskInstance: ferry_portfolio_etl.extract_data scheduled__2025-07-19T17:20:00+00:00 [running]> on host ee9d4808f134
[2025-07-19T17:25:02.695+0000] {taskinstance.py:2648} INFO - Exporting env vars: AIRFLOW_CTX_DAG_OWNER='ashok' AIRFLOW_CTX_DAG_ID='ferry_portfolio_etl' AIRFLOW_CTX_TASK_ID='extract_data' AIRFLOW_CTX_EXECUTION_DATE='2025-07-19T17:20:00+00:00' AIRFLOW_CTX_TRY_NUMBER='1' AIRFLOW_CTX_DAG_RUN_ID='scheduled__2025-07-19T17:20:00+00:00'
[2025-07-19T17:25:02.699+0000] {taskinstance.py:430} INFO - ::endgroup::
[2025-07-19T17:25:02.729+0000] {extract_data.py:78} INFO - 🚀 Starting ferry data extraction pipeline...
[2025-07-19T17:25:20.561+0000] {extract_data.py:80} INFO - 📊 Retrieved 249958 rows and 4 columns
[2025-07-19T17:25:21.300+0000] {extract_data.py:19} INFO - ✅ Saved temporary file for DVC: artifacts/ferry_raw.csv
[2025-07-19T17:25:21.302+0000] {extract_data.py:28} INFO - 🪣 Uploading file to S3: s3://ashok-ferry-data-bucket/raw_data/raw.csv
[2025-07-19T17:25:21.725+0000] {credentials.py:1147} INFO - Found credentials in environment variables.
[2025-07-19T17:25:24.470+0000] {extract_data.py:35} INFO - ✅ Successfully uploaded CSV to S3.
[2025-07-19T17:25:24.494+0000] {python.py:237} INFO - Done. Returned value was: None
[2025-07-19T17:25:24.495+0000] {taskinstance.py:441} INFO - ::group::Post task execution logs
[2025-07-19T17:25:24.533+0000] {taskinstance.py:1206} INFO - Marking task as SUCCESS. dag_id=ferry_portfolio_etl, task_id=extract_data, run_id=scheduled__2025-07-19T17:20:00+00:00, execution_date=20250719T172000, start_date=20250719T172502, end_date=20250719T172524
[2025-07-19T17:25:24.629+0000] {local_task_job_runner.py:240} INFO - Task exited with return code 0
[2025-07-19T17:25:24.683+0000] {taskinstance.py:3498} INFO - 1 downstream tasks scheduled from follow-on schedule check
[2025-07-19T17:25:24.687+0000] {local_task_job_runner.py:222} INFO - ::endgroup::
