[2025-07-18T20:55:29.016+0000] {local_task_job_runner.py:120} INFO - ::group::Pre task execution logs
[2025-07-18T20:55:29.055+0000] {taskinstance.py:2076} INFO - Dependencies all met for dep_context=non-requeueable deps ti=<TaskInstance: ferry_portfolio_etl.transform_data scheduled__2025-07-18T20:50:00+00:00 [queued]>
[2025-07-18T20:55:29.068+0000] {taskinstance.py:2076} INFO - Dependencies all met for dep_context=requeueable deps ti=<TaskInstance: ferry_portfolio_etl.transform_data scheduled__2025-07-18T20:50:00+00:00 [queued]>
[2025-07-18T20:55:29.069+0000] {taskinstance.py:2306} INFO - Starting attempt 1 of 2
[2025-07-18T20:55:29.087+0000] {taskinstance.py:2330} INFO - Executing <Task(PythonOperator): transform_data> on 2025-07-18 20:50:00+00:00
[2025-07-18T20:55:29.106+0000] {logging_mixin.py:188} WARNING - /home/***/.local/lib/python3.12/site-packages/***/task/task_runner/standard_task_runner.py:61 DeprecationWarning: This process (pid=378) is multi-threaded, use of fork() may lead to deadlocks in the child.
[2025-07-18T20:55:29.108+0000] {standard_task_runner.py:63} INFO - Started process 380 to run task
[2025-07-18T20:55:29.106+0000] {standard_task_runner.py:90} INFO - Running: ['***', 'tasks', 'run', 'ferry_portfolio_etl', 'transform_data', 'scheduled__2025-07-18T20:50:00+00:00', '--job-id', '36', '--raw', '--subdir', 'DAGS_FOLDER/ferry_pipeline_dag.py', '--cfg-path', '/tmp/tmpil1zadqn']
[2025-07-18T20:55:29.110+0000] {standard_task_runner.py:91} INFO - Job 36: Subtask transform_data
[2025-07-18T20:55:29.149+0000] {logging_mixin.py:188} WARNING - /home/***/.local/lib/python3.12/site-packages/***/settings.py:195 DeprecationWarning: The sql_alchemy_conn option in [core] has been moved to the sql_alchemy_conn option in [database] - the old setting has been used, but please update your config.
[2025-07-18T20:55:29.229+0000] {task_command.py:426} INFO - Running <TaskInstance: ferry_portfolio_etl.transform_data scheduled__2025-07-18T20:50:00+00:00 [running]> on host 8d200254fb37
[2025-07-18T20:55:29.373+0000] {taskinstance.py:2648} INFO - Exporting env vars: AIRFLOW_CTX_DAG_OWNER='ashok' AIRFLOW_CTX_DAG_ID='ferry_portfolio_etl' AIRFLOW_CTX_TASK_ID='transform_data' AIRFLOW_CTX_EXECUTION_DATE='2025-07-18T20:50:00+00:00' AIRFLOW_CTX_TRY_NUMBER='1' AIRFLOW_CTX_DAG_RUN_ID='scheduled__2025-07-18T20:50:00+00:00'
[2025-07-18T20:55:29.380+0000] {taskinstance.py:430} INFO - ::endgroup::
[2025-07-18T20:55:29.400+0000] {transform_data.py:22} INFO - ⬇️ Reading file from S3: s3://ashok-ferry-data-bucket/raw_data/raw.csv
[2025-07-18T20:55:29.421+0000] {credentials.py:1147} INFO - Found credentials in environment variables.
[2025-07-18T20:55:30.391+0000] {transform_data.py:27} INFO - ✅ Successfully loaded 249946 rows.
[2025-07-18T20:55:30.396+0000] {transform_data.py:47} INFO - 🔄 Transforming data...
[2025-07-18T20:55:51.599+0000] {transform_data.py:53} INFO - ✅ Data transformation complete.
[2025-07-18T20:55:51.602+0000] {transform_data.py:11} INFO - 💾 Saving DataFrame locally at: artifacts/transformed_data.csv
[2025-07-18T20:55:52.034+0000] {transform_data.py:14} INFO - ✅ Local save successful.
[2025-07-18T20:55:52.035+0000] {transform_data.py:35} INFO - ⬆️ Uploading DataFrame to S3: s3://ashok-ferry-data-bucket/transformed_data/transformed.csv
[2025-07-18T20:55:53.776+0000] {transform_data.py:40} INFO - ✅ Upload successful.
[2025-07-18T20:55:53.788+0000] {python.py:237} INFO - Done. Returned value was: None
[2025-07-18T20:55:53.790+0000] {taskinstance.py:441} INFO - ::group::Post task execution logs
[2025-07-18T20:55:53.806+0000] {taskinstance.py:1206} INFO - Marking task as SUCCESS. dag_id=ferry_portfolio_etl, task_id=transform_data, run_id=scheduled__2025-07-18T20:50:00+00:00, execution_date=20250718T205000, start_date=20250718T205529, end_date=20250718T205553
[2025-07-18T20:55:53.923+0000] {local_task_job_runner.py:240} INFO - Task exited with return code 0
[2025-07-18T20:55:53.963+0000] {taskinstance.py:3498} INFO - 0 downstream tasks scheduled from follow-on schedule check
[2025-07-18T20:55:53.966+0000] {local_task_job_runner.py:222} INFO - ::endgroup::
