[2025-07-19T16:25:01.970+0000] {local_task_job_runner.py:120} INFO - ::group::Pre task execution logs
[2025-07-19T16:25:02.008+0000] {taskinstance.py:2076} INFO - Dependencies all met for dep_context=non-requeueable deps ti=<TaskInstance: ferry_portfolio_etl.extract_data scheduled__2025-07-19T16:20:00+00:00 [queued]>
[2025-07-19T16:25:02.017+0000] {taskinstance.py:2076} INFO - Dependencies all met for dep_context=requeueable deps ti=<TaskInstance: ferry_portfolio_etl.extract_data scheduled__2025-07-19T16:20:00+00:00 [queued]>
[2025-07-19T16:25:02.018+0000] {taskinstance.py:2306} INFO - Starting attempt 1 of 2
[2025-07-19T16:25:02.036+0000] {taskinstance.py:2330} INFO - Executing <Task(PythonOperator): extract_data> on 2025-07-19 16:20:00+00:00
[2025-07-19T16:25:02.053+0000] {logging_mixin.py:188} WARNING - /home/***/.local/lib/python3.12/site-packages/***/task/task_runner/standard_task_runner.py:61 DeprecationWarning: This process (pid=1897) is multi-threaded, use of fork() may lead to deadlocks in the child.
[2025-07-19T16:25:02.056+0000] {standard_task_runner.py:63} INFO - Started process 1899 to run task
[2025-07-19T16:25:02.053+0000] {standard_task_runner.py:90} INFO - Running: ['***', 'tasks', 'run', 'ferry_portfolio_etl', 'extract_data', 'scheduled__2025-07-19T16:20:00+00:00', '--job-id', '175', '--raw', '--subdir', 'DAGS_FOLDER/ferry_pipeline_dag.py', '--cfg-path', '/tmp/tmp_ueo45wt']
[2025-07-19T16:25:02.057+0000] {standard_task_runner.py:91} INFO - Job 175: Subtask extract_data
[2025-07-19T16:25:02.079+0000] {logging_mixin.py:188} WARNING - /home/***/.local/lib/python3.12/site-packages/***/settings.py:195 DeprecationWarning: The sql_alchemy_conn option in [core] has been moved to the sql_alchemy_conn option in [database] - the old setting has been used, but please update your config.
[2025-07-19T16:25:02.149+0000] {task_command.py:426} INFO - Running <TaskInstance: ferry_portfolio_etl.extract_data scheduled__2025-07-19T16:20:00+00:00 [running]> on host 289e2533e87e
[2025-07-19T16:25:02.259+0000] {taskinstance.py:2648} INFO - Exporting env vars: AIRFLOW_CTX_DAG_OWNER='ashok' AIRFLOW_CTX_DAG_ID='ferry_portfolio_etl' AIRFLOW_CTX_TASK_ID='extract_data' AIRFLOW_CTX_EXECUTION_DATE='2025-07-19T16:20:00+00:00' AIRFLOW_CTX_TRY_NUMBER='1' AIRFLOW_CTX_DAG_RUN_ID='scheduled__2025-07-19T16:20:00+00:00'
[2025-07-19T16:25:02.260+0000] {taskinstance.py:430} INFO - ::endgroup::
[2025-07-19T16:25:02.273+0000] {extract_data.py:78} INFO - 🚀 Starting ferry data extraction pipeline...
[2025-07-19T16:25:18.434+0000] {extract_data.py:80} INFO - 📊 Retrieved 249958 rows and 4 columns
[2025-07-19T16:25:18.837+0000] {extract_data.py:19} INFO - ✅ Saved temporary file for DVC: artifacts/ferry_raw.csv
[2025-07-19T16:25:18.838+0000] {extract_data.py:28} INFO - 🪣 Uploading file to S3: s3://ashok-ferry-data-bucket/raw_data/raw.csv
[2025-07-19T16:25:19.193+0000] {credentials.py:1147} INFO - Found credentials in environment variables.
[2025-07-19T16:25:19.827+0000] {extract_data.py:35} INFO - ✅ Successfully uploaded CSV to S3.
[2025-07-19T16:25:19.847+0000] {python.py:237} INFO - Done. Returned value was: None
[2025-07-19T16:25:19.848+0000] {taskinstance.py:441} INFO - ::group::Post task execution logs
[2025-07-19T16:25:19.861+0000] {taskinstance.py:1206} INFO - Marking task as SUCCESS. dag_id=ferry_portfolio_etl, task_id=extract_data, run_id=scheduled__2025-07-19T16:20:00+00:00, execution_date=20250719T162000, start_date=20250719T162502, end_date=20250719T162519
[2025-07-19T16:25:19.910+0000] {local_task_job_runner.py:240} INFO - Task exited with return code 0
[2025-07-19T16:25:19.939+0000] {taskinstance.py:3498} INFO - 1 downstream tasks scheduled from follow-on schedule check
[2025-07-19T16:25:19.942+0000] {local_task_job_runner.py:222} INFO - ::endgroup::
