[2025-07-19T04:30:01.502+0000] {local_task_job_runner.py:120} INFO - ::group::Pre task execution logs
[2025-07-19T04:30:01.540+0000] {taskinstance.py:2076} INFO - Dependencies all met for dep_context=non-requeueable deps ti=<TaskInstance: ferry_portfolio_etl.extract_data scheduled__2025-07-19T04:25:00+00:00 [queued]>
[2025-07-19T04:30:01.550+0000] {taskinstance.py:2076} INFO - Dependencies all met for dep_context=requeueable deps ti=<TaskInstance: ferry_portfolio_etl.extract_data scheduled__2025-07-19T04:25:00+00:00 [queued]>
[2025-07-19T04:30:01.551+0000] {taskinstance.py:2306} INFO - Starting attempt 1 of 2
[2025-07-19T04:30:01.566+0000] {taskinstance.py:2330} INFO - Executing <Task(PythonOperator): extract_data> on 2025-07-19 04:25:00+00:00
[2025-07-19T04:30:01.587+0000] {logging_mixin.py:188} WARNING - /home/***/.local/lib/python3.12/site-packages/***/task/task_runner/standard_task_runner.py:61 DeprecationWarning: This process (pid=672) is multi-threaded, use of fork() may lead to deadlocks in the child.
[2025-07-19T04:30:01.589+0000] {standard_task_runner.py:63} INFO - Started process 674 to run task
[2025-07-19T04:30:01.587+0000] {standard_task_runner.py:90} INFO - Running: ['***', 'tasks', 'run', 'ferry_portfolio_etl', 'extract_data', 'scheduled__2025-07-19T04:25:00+00:00', '--job-id', '26', '--raw', '--subdir', 'DAGS_FOLDER/ferry_pipeline_dag.py', '--cfg-path', '/tmp/tmp1onzjpq6']
[2025-07-19T04:30:01.591+0000] {standard_task_runner.py:91} INFO - Job 26: Subtask extract_data
[2025-07-19T04:30:01.612+0000] {logging_mixin.py:188} WARNING - /home/***/.local/lib/python3.12/site-packages/***/settings.py:195 DeprecationWarning: The sql_alchemy_conn option in [core] has been moved to the sql_alchemy_conn option in [database] - the old setting has been used, but please update your config.
[2025-07-19T04:30:01.684+0000] {task_command.py:426} INFO - Running <TaskInstance: ferry_portfolio_etl.extract_data scheduled__2025-07-19T04:25:00+00:00 [running]> on host e3393c2f61bc
[2025-07-19T04:30:01.789+0000] {taskinstance.py:2648} INFO - Exporting env vars: AIRFLOW_CTX_DAG_OWNER='ashok' AIRFLOW_CTX_DAG_ID='ferry_portfolio_etl' AIRFLOW_CTX_TASK_ID='extract_data' AIRFLOW_CTX_EXECUTION_DATE='2025-07-19T04:25:00+00:00' AIRFLOW_CTX_TRY_NUMBER='1' AIRFLOW_CTX_DAG_RUN_ID='scheduled__2025-07-19T04:25:00+00:00'
[2025-07-19T04:30:01.791+0000] {taskinstance.py:430} INFO - ::endgroup::
[2025-07-19T04:30:01.805+0000] {extract_data.py:78} INFO - 🚀 Starting ferry data extraction pipeline...
[2025-07-19T04:30:27.331+0000] {extract_data.py:80} INFO - 📊 Retrieved 249958 rows and 4 columns
[2025-07-19T04:30:27.749+0000] {extract_data.py:19} INFO - ✅ Saved temporary file for DVC: artifacts/ferry_raw.csv
[2025-07-19T04:30:27.750+0000] {extract_data.py:28} INFO - 🪣 Uploading file to S3: s3://ashok-ferry-data-bucket/raw_data/raw.csv
[2025-07-19T04:30:28.076+0000] {credentials.py:1147} INFO - Found credentials in environment variables.
[2025-07-19T04:30:28.753+0000] {extract_data.py:35} INFO - ✅ Successfully uploaded CSV to S3.
[2025-07-19T04:30:28.781+0000] {python.py:237} INFO - Done. Returned value was: None
[2025-07-19T04:30:28.782+0000] {taskinstance.py:441} INFO - ::group::Post task execution logs
[2025-07-19T04:30:28.796+0000] {taskinstance.py:1206} INFO - Marking task as SUCCESS. dag_id=ferry_portfolio_etl, task_id=extract_data, run_id=scheduled__2025-07-19T04:25:00+00:00, execution_date=20250719T042500, start_date=20250719T043001, end_date=20250719T043028
[2025-07-19T04:30:28.858+0000] {local_task_job_runner.py:240} INFO - Task exited with return code 0
[2025-07-19T04:30:28.873+0000] {local_task_job_runner.py:222} INFO - ::endgroup::
