[2025-07-19T05:10:01.302+0000] {local_task_job_runner.py:120} INFO - ::group::Pre task execution logs
[2025-07-19T05:10:01.338+0000] {taskinstance.py:2076} INFO - Dependencies all met for dep_context=non-requeueable deps ti=<TaskInstance: ferry_portfolio_etl.extract_data scheduled__2025-07-19T05:05:00+00:00 [queued]>
[2025-07-19T05:10:01.350+0000] {taskinstance.py:2076} INFO - Dependencies all met for dep_context=requeueable deps ti=<TaskInstance: ferry_portfolio_etl.extract_data scheduled__2025-07-19T05:05:00+00:00 [queued]>
[2025-07-19T05:10:01.351+0000] {taskinstance.py:2306} INFO - Starting attempt 1 of 2
[2025-07-19T05:10:01.364+0000] {taskinstance.py:2330} INFO - Executing <Task(PythonOperator): extract_data> on 2025-07-19 05:05:00+00:00
[2025-07-19T05:10:01.378+0000] {logging_mixin.py:188} WARNING - /home/***/.local/lib/python3.12/site-packages/***/task/task_runner/standard_task_runner.py:61 DeprecationWarning: This process (pid=1222) is multi-threaded, use of fork() may lead to deadlocks in the child.
[2025-07-19T05:10:01.380+0000] {standard_task_runner.py:63} INFO - Started process 1224 to run task
[2025-07-19T05:10:01.377+0000] {standard_task_runner.py:90} INFO - Running: ['***', 'tasks', 'run', 'ferry_portfolio_etl', 'extract_data', 'scheduled__2025-07-19T05:05:00+00:00', '--job-id', '50', '--raw', '--subdir', 'DAGS_FOLDER/ferry_pipeline_dag.py', '--cfg-path', '/tmp/tmpjao6rjw1']
[2025-07-19T05:10:01.381+0000] {standard_task_runner.py:91} INFO - Job 50: Subtask extract_data
[2025-07-19T05:10:01.403+0000] {logging_mixin.py:188} WARNING - /home/***/.local/lib/python3.12/site-packages/***/settings.py:195 DeprecationWarning: The sql_alchemy_conn option in [core] has been moved to the sql_alchemy_conn option in [database] - the old setting has been used, but please update your config.
[2025-07-19T05:10:01.468+0000] {task_command.py:426} INFO - Running <TaskInstance: ferry_portfolio_etl.extract_data scheduled__2025-07-19T05:05:00+00:00 [running]> on host e3393c2f61bc
[2025-07-19T05:10:01.568+0000] {taskinstance.py:2648} INFO - Exporting env vars: AIRFLOW_CTX_DAG_OWNER='ashok' AIRFLOW_CTX_DAG_ID='ferry_portfolio_etl' AIRFLOW_CTX_TASK_ID='extract_data' AIRFLOW_CTX_EXECUTION_DATE='2025-07-19T05:05:00+00:00' AIRFLOW_CTX_TRY_NUMBER='1' AIRFLOW_CTX_DAG_RUN_ID='scheduled__2025-07-19T05:05:00+00:00'
[2025-07-19T05:10:01.572+0000] {taskinstance.py:430} INFO - ::endgroup::
[2025-07-19T05:10:01.586+0000] {extract_data.py:78} INFO - 🚀 Starting ferry data extraction pipeline...
[2025-07-19T05:11:13.267+0000] {extract_data.py:80} INFO - 📊 Retrieved 249958 rows and 4 columns
[2025-07-19T05:11:13.665+0000] {extract_data.py:19} INFO - ✅ Saved temporary file for DVC: artifacts/ferry_raw.csv
[2025-07-19T05:11:13.666+0000] {extract_data.py:28} INFO - 🪣 Uploading file to S3: s3://ashok-ferry-data-bucket/raw_data/raw.csv
[2025-07-19T05:11:13.986+0000] {credentials.py:1147} INFO - Found credentials in environment variables.
[2025-07-19T05:11:14.640+0000] {extract_data.py:35} INFO - ✅ Successfully uploaded CSV to S3.
[2025-07-19T05:11:14.660+0000] {python.py:237} INFO - Done. Returned value was: None
[2025-07-19T05:11:14.662+0000] {taskinstance.py:441} INFO - ::group::Post task execution logs
[2025-07-19T05:11:14.687+0000] {taskinstance.py:1206} INFO - Marking task as SUCCESS. dag_id=ferry_portfolio_etl, task_id=extract_data, run_id=scheduled__2025-07-19T05:05:00+00:00, execution_date=20250719T050500, start_date=20250719T051001, end_date=20250719T051114
[2025-07-19T05:11:14.770+0000] {local_task_job_runner.py:240} INFO - Task exited with return code 0
[2025-07-19T05:11:14.783+0000] {local_task_job_runner.py:222} INFO - ::endgroup::
