[2025-07-18T20:55:04.142+0000] {local_task_job_runner.py:120} INFO - ::group::Pre task execution logs
[2025-07-18T20:55:04.211+0000] {taskinstance.py:2076} INFO - Dependencies all met for dep_context=non-requeueable deps ti=<TaskInstance: ferry_portfolio_etl.extract_data scheduled__2025-07-18T20:50:00+00:00 [queued]>
[2025-07-18T20:55:04.221+0000] {taskinstance.py:2076} INFO - Dependencies all met for dep_context=requeueable deps ti=<TaskInstance: ferry_portfolio_etl.extract_data scheduled__2025-07-18T20:50:00+00:00 [queued]>
[2025-07-18T20:55:04.222+0000] {taskinstance.py:2306} INFO - Starting attempt 1 of 2
[2025-07-18T20:55:04.240+0000] {taskinstance.py:2330} INFO - Executing <Task(PythonOperator): extract_data> on 2025-07-18 20:50:00+00:00
[2025-07-18T20:55:04.269+0000] {logging_mixin.py:188} WARNING - /home/***/.local/lib/python3.12/site-packages/***/task/task_runner/standard_task_runner.py:61 DeprecationWarning: This process (pid=369) is multi-threaded, use of fork() may lead to deadlocks in the child.
[2025-07-18T20:55:04.271+0000] {standard_task_runner.py:63} INFO - Started process 371 to run task
[2025-07-18T20:55:04.269+0000] {standard_task_runner.py:90} INFO - Running: ['***', 'tasks', 'run', 'ferry_portfolio_etl', 'extract_data', 'scheduled__2025-07-18T20:50:00+00:00', '--job-id', '35', '--raw', '--subdir', 'DAGS_FOLDER/ferry_pipeline_dag.py', '--cfg-path', '/tmp/tmpaq7f0g2c']
[2025-07-18T20:55:04.273+0000] {standard_task_runner.py:91} INFO - Job 35: Subtask extract_data
[2025-07-18T20:55:04.307+0000] {logging_mixin.py:188} WARNING - /home/***/.local/lib/python3.12/site-packages/***/settings.py:195 DeprecationWarning: The sql_alchemy_conn option in [core] has been moved to the sql_alchemy_conn option in [database] - the old setting has been used, but please update your config.
[2025-07-18T20:55:04.381+0000] {task_command.py:426} INFO - Running <TaskInstance: ferry_portfolio_etl.extract_data scheduled__2025-07-18T20:50:00+00:00 [running]> on host 8d200254fb37
[2025-07-18T20:55:04.512+0000] {taskinstance.py:2648} INFO - Exporting env vars: AIRFLOW_CTX_DAG_OWNER='ashok' AIRFLOW_CTX_DAG_ID='ferry_portfolio_etl' AIRFLOW_CTX_TASK_ID='extract_data' AIRFLOW_CTX_EXECUTION_DATE='2025-07-18T20:50:00+00:00' AIRFLOW_CTX_TRY_NUMBER='1' AIRFLOW_CTX_DAG_RUN_ID='scheduled__2025-07-18T20:50:00+00:00'
[2025-07-18T20:55:04.515+0000] {taskinstance.py:430} INFO - ::endgroup::
[2025-07-18T20:55:04.538+0000] {extract_data.py:78} INFO - 🚀 Starting ferry data extraction pipeline...
[2025-07-18T20:55:23.468+0000] {extract_data.py:80} INFO - 📊 Retrieved 249946 rows and 4 columns
[2025-07-18T20:55:24.000+0000] {extract_data.py:19} INFO - ✅ Saved temporary file for DVC: artifacts/ferry_raw.csv
[2025-07-18T20:55:24.002+0000] {extract_data.py:28} INFO - 🪣 Uploading file to S3: s3://ashok-ferry-data-bucket/raw_data/raw.csv
[2025-07-18T20:55:24.364+0000] {credentials.py:1147} INFO - Found credentials in environment variables.
[2025-07-18T20:55:26.949+0000] {extract_data.py:35} INFO - ✅ Successfully uploaded CSV to S3.
[2025-07-18T20:55:26.969+0000] {python.py:237} INFO - Done. Returned value was: None
[2025-07-18T20:55:26.970+0000] {taskinstance.py:441} INFO - ::group::Post task execution logs
[2025-07-18T20:55:27.013+0000] {taskinstance.py:1206} INFO - Marking task as SUCCESS. dag_id=ferry_portfolio_etl, task_id=extract_data, run_id=scheduled__2025-07-18T20:50:00+00:00, execution_date=20250718T205000, start_date=20250718T205504, end_date=20250718T205527
[2025-07-18T20:55:27.115+0000] {local_task_job_runner.py:240} INFO - Task exited with return code 0
[2025-07-18T20:55:27.167+0000] {taskinstance.py:3498} INFO - 1 downstream tasks scheduled from follow-on schedule check
[2025-07-18T20:55:27.170+0000] {local_task_job_runner.py:222} INFO - ::endgroup::
