[2025-07-18T22:20:02.078+0000] {local_task_job_runner.py:120} INFO - ::group::Pre task execution logs
[2025-07-18T22:20:02.118+0000] {taskinstance.py:2076} INFO - Dependencies all met for dep_context=non-requeueable deps ti=<TaskInstance: ferry_portfolio_etl.extract_data scheduled__2025-07-18T22:15:00+00:00 [queued]>
[2025-07-18T22:20:02.130+0000] {taskinstance.py:2076} INFO - Dependencies all met for dep_context=requeueable deps ti=<TaskInstance: ferry_portfolio_etl.extract_data scheduled__2025-07-18T22:15:00+00:00 [queued]>
[2025-07-18T22:20:02.130+0000] {taskinstance.py:2306} INFO - Starting attempt 1 of 2
[2025-07-18T22:20:02.147+0000] {taskinstance.py:2330} INFO - Executing <Task(PythonOperator): extract_data> on 2025-07-18 22:15:00+00:00
[2025-07-18T22:20:02.168+0000] {logging_mixin.py:188} WARNING - /home/***/.local/lib/python3.12/site-packages/***/task/task_runner/standard_task_runner.py:61 DeprecationWarning: This process (pid=1443) is multi-threaded, use of fork() may lead to deadlocks in the child.
[2025-07-18T22:20:02.167+0000] {standard_task_runner.py:90} INFO - Running: ['***', 'tasks', 'run', 'ferry_portfolio_etl', 'extract_data', 'scheduled__2025-07-18T22:15:00+00:00', '--job-id', '69', '--raw', '--subdir', 'DAGS_FOLDER/ferry_pipeline_dag.py', '--cfg-path', '/tmp/tmp0c4cxccv']
[2025-07-18T22:20:02.171+0000] {standard_task_runner.py:63} INFO - Started process 1445 to run task
[2025-07-18T22:20:02.172+0000] {standard_task_runner.py:91} INFO - Job 69: Subtask extract_data
[2025-07-18T22:20:02.203+0000] {logging_mixin.py:188} WARNING - /home/***/.local/lib/python3.12/site-packages/***/settings.py:195 DeprecationWarning: The sql_alchemy_conn option in [core] has been moved to the sql_alchemy_conn option in [database] - the old setting has been used, but please update your config.
[2025-07-18T22:20:02.275+0000] {task_command.py:426} INFO - Running <TaskInstance: ferry_portfolio_etl.extract_data scheduled__2025-07-18T22:15:00+00:00 [running]> on host 8d200254fb37
[2025-07-18T22:20:02.394+0000] {taskinstance.py:2648} INFO - Exporting env vars: AIRFLOW_CTX_DAG_OWNER='ashok' AIRFLOW_CTX_DAG_ID='ferry_portfolio_etl' AIRFLOW_CTX_TASK_ID='extract_data' AIRFLOW_CTX_EXECUTION_DATE='2025-07-18T22:15:00+00:00' AIRFLOW_CTX_TRY_NUMBER='1' AIRFLOW_CTX_DAG_RUN_ID='scheduled__2025-07-18T22:15:00+00:00'
[2025-07-18T22:20:02.395+0000] {taskinstance.py:430} INFO - ::endgroup::
[2025-07-18T22:20:02.419+0000] {extract_data.py:78} INFO - 🚀 Starting ferry data extraction pipeline...
[2025-07-18T22:21:22.373+0000] {extract_data.py:80} INFO - 📊 Retrieved 249950 rows and 4 columns
[2025-07-18T22:21:22.797+0000] {extract_data.py:19} INFO - ✅ Saved temporary file for DVC: artifacts/ferry_raw.csv
[2025-07-18T22:21:22.798+0000] {extract_data.py:28} INFO - 🪣 Uploading file to S3: s3://ashok-ferry-data-bucket/raw_data/raw.csv
[2025-07-18T22:21:23.119+0000] {credentials.py:1147} INFO - Found credentials in environment variables.
[2025-07-18T22:21:25.669+0000] {extract_data.py:35} INFO - ✅ Successfully uploaded CSV to S3.
[2025-07-18T22:21:25.689+0000] {python.py:237} INFO - Done. Returned value was: None
[2025-07-18T22:21:25.691+0000] {taskinstance.py:441} INFO - ::group::Post task execution logs
[2025-07-18T22:21:25.707+0000] {taskinstance.py:1206} INFO - Marking task as SUCCESS. dag_id=ferry_portfolio_etl, task_id=extract_data, run_id=scheduled__2025-07-18T22:15:00+00:00, execution_date=20250718T221500, start_date=20250718T222002, end_date=20250718T222125
[2025-07-18T22:21:25.765+0000] {local_task_job_runner.py:240} INFO - Task exited with return code 0
[2025-07-18T22:21:25.797+0000] {taskinstance.py:3498} INFO - 1 downstream tasks scheduled from follow-on schedule check
[2025-07-18T22:21:25.801+0000] {local_task_job_runner.py:222} INFO - ::endgroup::
