[2025-07-19T13:58:04.781+0000] {local_task_job_runner.py:120} INFO - ::group::Pre task execution logs
[2025-07-19T13:58:04.865+0000] {taskinstance.py:2076} INFO - Dependencies all met for dep_context=non-requeueable deps ti=<TaskInstance: ferry_portfolio_etl.extract_data scheduled__2025-07-19T13:50:00+00:00 [queued]>
[2025-07-19T13:58:04.883+0000] {taskinstance.py:2076} INFO - Dependencies all met for dep_context=requeueable deps ti=<TaskInstance: ferry_portfolio_etl.extract_data scheduled__2025-07-19T13:50:00+00:00 [queued]>
[2025-07-19T13:58:04.884+0000] {taskinstance.py:2306} INFO - Starting attempt 1 of 2
[2025-07-19T13:58:04.918+0000] {taskinstance.py:2330} INFO - Executing <Task(PythonOperator): extract_data> on 2025-07-19 13:50:00+00:00
[2025-07-19T13:58:04.950+0000] {logging_mixin.py:188} WARNING - /home/***/.local/lib/python3.12/site-packages/***/task/task_runner/standard_task_runner.py:61 DeprecationWarning: This process (pid=171) is multi-threaded, use of fork() may lead to deadlocks in the child.
[2025-07-19T13:58:04.951+0000] {standard_task_runner.py:90} INFO - Running: ['***', 'tasks', 'run', 'ferry_portfolio_etl', 'extract_data', 'scheduled__2025-07-19T13:50:00+00:00', '--job-id', '84', '--raw', '--subdir', 'DAGS_FOLDER/ferry_pipeline_dag.py', '--cfg-path', '/tmp/tmphqdgcqhw']
[2025-07-19T13:58:04.961+0000] {standard_task_runner.py:63} INFO - Started process 178 to run task
[2025-07-19T13:58:04.962+0000] {standard_task_runner.py:91} INFO - Job 84: Subtask extract_data
[2025-07-19T13:58:05.001+0000] {logging_mixin.py:188} WARNING - /home/***/.local/lib/python3.12/site-packages/***/settings.py:195 DeprecationWarning: The sql_alchemy_conn option in [core] has been moved to the sql_alchemy_conn option in [database] - the old setting has been used, but please update your config.
[2025-07-19T13:58:05.130+0000] {task_command.py:426} INFO - Running <TaskInstance: ferry_portfolio_etl.extract_data scheduled__2025-07-19T13:50:00+00:00 [running]> on host 0611430c3c10
[2025-07-19T13:58:05.263+0000] {taskinstance.py:2648} INFO - Exporting env vars: AIRFLOW_CTX_DAG_OWNER='ashok' AIRFLOW_CTX_DAG_ID='ferry_portfolio_etl' AIRFLOW_CTX_TASK_ID='extract_data' AIRFLOW_CTX_EXECUTION_DATE='2025-07-19T13:50:00+00:00' AIRFLOW_CTX_TRY_NUMBER='1' AIRFLOW_CTX_DAG_RUN_ID='scheduled__2025-07-19T13:50:00+00:00'
[2025-07-19T13:58:05.265+0000] {taskinstance.py:430} INFO - ::endgroup::
[2025-07-19T13:58:05.309+0000] {extract_data.py:78} INFO - 🚀 Starting ferry data extraction pipeline...
[2025-07-19T13:59:47.205+0000] {extract_data.py:80} INFO - 📊 Retrieved 249958 rows and 4 columns
[2025-07-19T13:59:47.889+0000] {extract_data.py:19} INFO - ✅ Saved temporary file for DVC: artifacts/ferry_raw.csv
[2025-07-19T13:59:47.891+0000] {extract_data.py:28} INFO - 🪣 Uploading file to S3: s3://ashok-ferry-data-bucket/raw_data/raw.csv
[2025-07-19T13:59:48.483+0000] {credentials.py:1147} INFO - Found credentials in environment variables.
[2025-07-19T13:59:52.233+0000] {extract_data.py:35} INFO - ✅ Successfully uploaded CSV to S3.
[2025-07-19T13:59:52.287+0000] {python.py:237} INFO - Done. Returned value was: None
[2025-07-19T13:59:52.288+0000] {taskinstance.py:441} INFO - ::group::Post task execution logs
[2025-07-19T13:59:52.319+0000] {taskinstance.py:1206} INFO - Marking task as SUCCESS. dag_id=ferry_portfolio_etl, task_id=extract_data, run_id=scheduled__2025-07-19T13:50:00+00:00, execution_date=20250719T135000, start_date=20250719T135804, end_date=20250719T135952
[2025-07-19T13:59:52.440+0000] {local_task_job_runner.py:240} INFO - Task exited with return code 0
[2025-07-19T13:59:52.491+0000] {taskinstance.py:3498} INFO - 1 downstream tasks scheduled from follow-on schedule check
[2025-07-19T13:59:52.497+0000] {local_task_job_runner.py:222} INFO - ::endgroup::
